E:\VS2010Proj\MonitorInfoServer\MonitorInfoServer\Release\cl.command.1.tlog
E:\VS2010Proj\MonitorInfoServer\MonitorInfoServer\Release\CL.read.1.tlog
E:\VS2010Proj\MonitorInfoServer\MonitorInfoServer\Release\CL.write.1.tlog
E:\VS2010PROJ\MONITORINFOSERVER\MONITORINFOSERVER\RELEASE\DIALOG.OBJ
E:\VS2010Proj\MonitorInfoServer\MonitorInfoServer\Release\link.command.1.tlog
E:\VS2010Proj\MonitorInfoServer\MonitorInfoServer\Release\link.read.1.tlog
E:\VS2010Proj\MonitorInfoServer\MonitorInfoServer\Release\link.write.1.tlog
E:\VS2010Proj\MonitorInfoServer\MonitorInfoServer\Release\link-cvtres.read.1.tlog
E:\VS2010Proj\MonitorInfoServer\MonitorInfoServer\Release\link-cvtres.write.1.tlog
E:\VS2010PROJ\MONITORINFOSERVER\MONITORINFOSERVER\RELEASE\MESSAGEHANDLER.OBJ
E:\VS2010PROJ\MONITORINFOSERVER\MONITORINFOSERVER\RELEASE\MESSAGETYPEUTILS.OBJ
E:\VS2010PROJ\MONITORINFOSERVER\MONITORINFOSERVER\RELEASE\MONITOR.OBJ
E:\VS2010PROJ\MONITORINFOSERVER\MONITORINFOSERVER\RELEASE\MONITORINFOSERVER.EXE.INTERMEDIATE.MANIFEST
E:\VS2010PROJ\MONITORINFOSERVER\MONITORINFOSERVER\RELEASE\MONITORINFOSERVER.OBJ
E:\VS2010PROJ\MONITORINFOSERVER\MONITORINFOSERVER\RELEASE\MONITORINFOSERVER.PCH
E:\VS2010PROJ\MONITORINFOSERVER\MONITORINFOSERVER\RELEASE\MONITORINFOSERVER.RES
E:\VS2010Proj\MonitorInfoServer\MonitorInfoServer\Release\mt.command.1.tlog
E:\VS2010Proj\MonitorInfoServer\MonitorInfoServer\Release\mt.read.1.tlog
E:\VS2010Proj\MonitorInfoServer\MonitorInfoServer\Release\mt.write.1.tlog
E:\VS2010Proj\MonitorInfoServer\MonitorInfoServer\Release\rc.command.1.tlog
E:\VS2010Proj\MonitorInfoServer\MonitorInfoServer\Release\rc.read.1.tlog
E:\VS2010Proj\MonitorInfoServer\MonitorInfoServer\Release\rc.write.1.tlog
E:\VS2010PROJ\MONITORINFOSERVER\MONITORINFOSERVER\RELEASE\SERVERCONTROL.OBJ
E:\VS2010PROJ\MONITORINFOSERVER\MONITORINFOSERVER\RELEASE\SERVERMAIN.OBJ
E:\VS2010PROJ\MONITORINFOSERVER\MONITORINFOSERVER\RELEASE\SERVERTRAY.OBJ
E:\VS2010PROJ\MONITORINFOSERVER\MONITORINFOSERVER\RELEASE\STDAFX.OBJ
E:\VS2010PROJ\MONITORINFOSERVER\MONITORINFOSERVER\RELEASE\TRAY.OBJ
E:\VS2010PROJ\MONITORINFOSERVER\MONITORINFOSERVER\RELEASE\VC100.PDB
E:\VS2010PROJ\MONITORINFOSERVER\RELEASE\MONITORINFOSERVER.EXE
E:\VS2010PROJ\MONITORINFOSERVER\RELEASE\MONITORINFOSERVER.PDB
